<?xml version="1.0" encoding="UTF-8"?>
<testsuite name="jrails.ModelTest" tests="1" skipped="0" failures="0" errors="0" timestamp="2023-11-14T20:14:31" hostname="Sophonnis-MacBook-Pro.local" time="0.008">
  <properties/>
  <testcase name="id1" classname="jrails.ModelTest" time="0.008"/>
  <system-out><![CDATA[]]></system-out>
  <system-err><![CDATA[]]></system-err>
</testsuite>
