<?xml version="1.0" encoding="UTF-8"?>
<testsuite name="jrails.JRouterTest" tests="1" skipped="0" failures="0" errors="0" timestamp="2023-11-13T00:58:25" hostname="Sophonnis-MacBook-Pro.local" time="0.005">
  <properties/>
  <testcase name="addRoute" classname="jrails.JRouterTest" time="0.005"/>
  <system-out><![CDATA[]]></system-out>
  <system-err><![CDATA[]]></system-err>
</testsuite>
